
===========================================================================
Model "LED0603-RD_GREEN_LED0603-RD_GRE" exists. Name "ASM0255" used instead.
===========================================================================

===========================================================================
Model "SOD-523_L1_2-W0_8-LS1_6-BI_SOD-" exists. Name "ASM0257" used instead.
===========================================================================

===========================================================================
Model "ESD1_SOD-523_L1_2-W0_8-LS1_6-BI" exists. Name "ASM0256" used instead.
===========================================================================

===========================================================================
Model "FPC-SMD_AFC01-S12FCA-00_FPC-SMD" exists. Name "ASM0258" used instead.
===========================================================================

===========================================================================
Model "SOT-23-3_L2_9-W1_3-P1_90-LS2_4-" exists. Name "ASM0260" used instead.
===========================================================================

===========================================================================
Model "Q1_SOT-23-3_L2_9-W1_3-P1_90-LS2" exists. Name "ASM0259" used instead.
===========================================================================

===========================================================================
Model "SOD-323_L1_8-W1_3-LS2_5-RD_SOD-" exists. Name "PRT0376" used instead.
===========================================================================

===========================================================================
Model "D3_SOD-323_L1_8-W1_3-LS2_5-RD_S" exists. Name "ASM0261" used instead.
===========================================================================

===========================================================================
Model "SOT-23-6_L2_9-W1_6-P0_95-LS2_8-" exists. Name "ASM0263" used instead.
===========================================================================

===========================================================================
Model "U2_SOT-23-6_L2_9-W1_6-P0_95-LS2" exists. Name "ASM0262" used instead.
===========================================================================

===========================================================================
Model "MANIFOLD_SOLID_BREP_189614" exists. Name "PRT0377" used instead.
===========================================================================

===========================================================================
Model "LED-SMD_4P-L3_5-W3_5-BR_SK6812M" exists. Name "PRT0378" used instead.
===========================================================================

===========================================================================
Model "U5_LED-SMD_4P-L3_5-W3_5-BR_SK68" exists. Name "ASM0264" used instead.
===========================================================================

===========================================================================
Model "MIC-SMD_6P-L3_5-W2_7-P0_90-TR_M" exists. Name "ASM0265" used instead.
===========================================================================

===========================================================================
Model "USB-C-SMD_TYPE-C-6PIN-2MD-073_U" exists. Name "ASM0267" used instead.
===========================================================================

===========================================================================
Model "USB1_USB-C-SMD_TYPE-C-6PIN-2MD-" exists. Name "ASM0266" used instead.
===========================================================================

===========================================================================
Model "CONN-SMD_HC-1_25-2PLT_CONN-SMD_" exists. Name "ASM0268" used instead.
===========================================================================
